<?xml version="1.0" encoding="UTF-8"?>
<!-- Generated by org.testng.reporters.JUnitXMLReporter -->
<testsuite hostname="sdatta" ignored="0" name="Default test" tests="4" failures="0" timestamp="19 Jul 2019 04:06:37 GMT" time="0.069" errors="0">
  <testcase name="C" time="0.011" classname="secondpackage.testNGPRIORITY"/>
  <testcase name="D" time="0.002" classname="secondpackage.testNGPRIORITY"/>
  <testcase name="A" time="0.003" classname="secondpackage.testNGPRIORITY"/>
  <testcase name="B" time="0.002" classname="secondpackage.testNGPRIORITY"/>
</testsuite> <!-- Default test -->
