<?xml version="1.0" encoding="UTF-8"?>
<!-- Generated by org.testng.reporters.JUnitXMLReporter -->
<testsuite hostname="sdatta" ignored="0" name="data testcase1" tests="3" failures="0" timestamp="29 Jun 2019 14:37:20 GMT" time="0.049" errors="0">
  <testcase name="getValue" time="0.009" classname="secondpackage.DataProviderClass"/>
  <testcase name="getValue" time="0.002" classname="secondpackage.DataProviderClass"/>
  <testcase name="getValue" time="0.002" classname="secondpackage.DataProviderClass"/>
</testsuite> <!-- data testcase1 -->
