<?xml version="1.0" encoding="UTF-8"?>
<!-- Generated by org.testng.reporters.JUnitXMLReporter -->
<testsuite hostname="sdatta" ignored="0" name="Listeners_Program" tests="2" failures="1" timestamp="28 Jun 2019 14:46:20 GMT" time="0.064" errors="0">
  <testcase name="fail" time="0.016" classname="secondpackage.checkLisener">
    <failure type="java.lang.AssertionError" message="expected [true] but found [false]">
      <![CDATA[java.lang.AssertionError: expected [true] but found [false]
at secondpackage.checkLisener.fail(checkLisener.java:25)
... Removed 29 stack frames]]>
    </failure>
  </testcase> <!-- fail -->
  <testcase name="pass" time="0.002" classname="secondpackage.checkLisener"/>
</testsuite> <!-- Listeners_Program -->
