<?xml version="1.0" encoding="UTF-8"?>
<!-- Generated by org.testng.reporters.JUnitXMLReporter -->
<testsuite hostname="sdatta" ignored="1" name="Test1" tests="3" failures="0" timestamp="28 Jun 2019 12:46:48 GMT" time="0.063" errors="0">
  <testcase name="A" time="0.016" classname="secondpackage.Class1"/>
  <testcase name="C" time="0.002" classname="secondpackage.Class1"/>
  <testcase name="D" time="0.002" classname="secondpackage.Class1"/>
  <testcase name="B" time="0.0" classname="secondpackage.Class1">
    <ignored/>
  </testcase> <!-- B -->
</testsuite> <!-- Test1 -->
