<?xml version="1.0" encoding="UTF-8"?>
<!-- Generated by org.testng.reporters.JUnitXMLReporter -->
<testsuite hostname="sdatta" ignored="0" name="testGuru" tests="3" failures="0" timestamp="29 Jun 2019 06:57:21 GMT" time="16.166" errors="0">
  <testcase name="executSessionOne" time="14.647" classname="secondpackage.TestGuru99MultipleSession"/>
  <testcase name="executeSessionTwo" time="14.958" classname="secondpackage.TestGuru99MultipleSession"/>
  <testcase name="bexecutSessionThree" time="16.135" classname="secondpackage.TestGuru99MultipleSession"/>
</testsuite> <!-- testGuru -->
